# JRE version: OpenJDK Runtime Environment Temurin-17.0.3+7 (17.0.3+7) (build 17.0.3+7)
# Java VM: OpenJDK 64-Bit Server VM Temurin-17.0.3+7 (17.0.3+7, mixed mode, tiered, compressed oops, compressed class ptrs, g1 gc, windows-amd64)
GC Precious Log:
 CPUs: 2 total, 2 available
 Memory: 4094M
 Large Page Support: Disabled
 NUMA Support: Disabled
 Compressed Oops: Enabled (32-bit)
 Heap Region Size: 1M
 Heap Min Capacity: 8M
 Heap Initial Capacity: 64M
 Heap Max Capacity: 1G
 Pre-touch: Disabled
 Parallel Workers: 2
 Concurrent Workers: 1
 Concurrent Refinement Workers: 2
 Periodic GC: Disabled
Heap:
 garbage-first heap   total 163840K, used 36593K [0x00000000c0000000, 0x0000000100000000)
  region size 1024K, 2 young (2048K), 2 survivors (2048K)
 Metaspace       used 11605K, committed 11712K, reserved 1064960K
  class space    used 1111K, committed 1152K, reserved 1048576K
GC Heap History (10 events):
Event: 0.302 GC heap before
{Heap before GC invocations=0 (full 0):
 garbage-first heap   total 65536K, used 6144K [0x00000000c0000000, 0x0000000100000000)
  region size 1024K, 6 young (6144K), 0 survivors (0K)
 Metaspace       used 6475K, committed 6592K, reserved 1056768K
  class space    used 570K, committed 576K, reserved 1048576K
}
Event: 0.304 GC heap after
{Heap after GC invocations=1 (full 0):
 garbage-first heap   total 65536K, used 736K [0x00000000c0000000, 0x0000000100000000)
  region size 1024K, 1 young (1024K), 1 survivors (1024K)
 Metaspace       used 6475K, committed 6592K, reserved 1056768K
  class space    used 570K, committed 576K, reserved 1048576K
}
Event: 0.914 GC heap before
{Heap before GC invocations=1 (full 0):
 garbage-first heap   total 65536K, used 6880K [0x00000000c0000000, 0x0000000100000000)
  region size 1024K, 8 young (8192K), 1 survivors (1024K)
 Metaspace       used 10647K, committed 10752K, reserved 1064960K
  class space    used 999K, committed 1024K, reserved 1048576K
}
Event: 0.927 GC heap after
{Heap after GC invocations=2 (full 0):
 garbage-first heap   total 65536K, used 2599K [0x00000000c0000000, 0x0000000100000000)
  region size 1024K, 1 young (1024K), 1 survivors (1024K)
 Metaspace       used 10647K, committed 10752K, reserved 1064960K
  class space    used 999K, committed 1024K, reserved 1048576K
}
Event: 6.277 GC heap before
{Heap before GC invocations=2 (full 0):
 garbage-first heap   total 65536K, used 25127K [0x00000000c0000000, 0x0000000100000000)
  region size 1024K, 4 young (4096K), 1 survivors (1024K)
 Metaspace       used 11605K, committed 11712K, reserved 1064960K
  class space    used 1111K, committed 1152K, reserved 1048576K
}
Event: 6.281 GC heap after
{Heap after GC invocations=3 (full 0):
 garbage-first heap   total 65536K, used 12009K [0x00000000c0000000, 0x0000000100000000)
  region size 1024K, 2 young (2048K), 2 survivors (2048K)
 Metaspace       used 11605K, committed 11712K, reserved 1064960K
  class space    used 1111K, committed 1152K, reserved 1048576K
}
Event: 14.168 GC heap before
{Heap before GC invocations=3 (full 0):
 garbage-first heap   total 65536K, used 29417K [0x00000000c0000000, 0x0000000100000000)
  region size 1024K, 3 young (3072K), 2 survivors (2048K)
 Metaspace       used 11605K, committed 11712K, reserved 1064960K
  class space    used 1111K, committed 1152K, reserved 1048576K
}
Event: 14.171 GC heap after
{Heap after GC invocations=4 (full 0):
 garbage-first heap   total 65536K, used 20301K [0x00000000c0000000, 0x0000000100000000)
  region size 1024K, 2 young (2048K), 2 survivors (2048K)
 Metaspace       used 11605K, committed 11712K, reserved 1064960K
  class space    used 1111K, committed 1152K, reserved 1048576K
}
Event: 16.567 GC heap before
{Heap before GC invocations=4 (full 0):
 garbage-first heap   total 98304K, used 54093K [0x00000000c0000000, 0x0000000100000000)
  region size 1024K, 3 young (3072K), 2 survivors (2048K)
 Metaspace       used 11605K, committed 11712K, reserved 1064960K
  class space    used 1111K, committed 1152K, reserved 1048576K
}
Event: 16.569 GC heap after
{Heap after GC invocations=5 (full 0):
 garbage-first heap   total 98304K, used 36593K [0x00000000c0000000, 0x0000000100000000)
  region size 1024K, 2 young (2048K), 2 survivors (2048K)
 Metaspace       used 11605K, committed 11712K, reserved 1064960K
  class space    used 1111K, committed 1152K, reserved 1048576K
}

